
::1 - - [26/Jan/2021:11:20:25 +0000] "POST /auth/register HTTP/1.1" 201 63 "-" "PostmanRuntime/7.26.8"
::1 - - [26/Jan/2021:11:20:44 +0000] "POST /auth/register HTTP/1.1" 400 45 "-" "PostmanRuntime/7.26.8"
::1 - - [26/Jan/2021:11:21:12 +0000] "POST /auth/register HTTP/1.1" 400 38 "-" "PostmanRuntime/7.26.8"
::1 - - [26/Jan/2021:11:21:49 +0000] "POST /auth/login HTTP/1.1" 401 26 "-" "PostmanRuntime/7.26.8"
::1 - - [26/Jan/2021:11:22:07 +0000] "POST /auth/login HTTP/1.1" 400 38 "-" "PostmanRuntime/7.26.8"
::1 - - [26/Jan/2021:11:22:26 +0000] "POST /auth/login HTTP/1.1" 400 45 "-" "PostmanRuntime/7.26.8"
::1 - - [26/Jan/2021:11:22:37 +0000] "POST /auth/login HTTP/1.1" 200 226 "-" "PostmanRuntime/7.26.8"
::1 - - [26/Jan/2021:11:23:03 +0000] "POST /auth/logout HTTP/1.1" 204 - "-" "PostmanRuntime/7.26.8"
::1 - - [26/Jan/2021:11:23:19 +0000] "POST /auth/logout HTTP/1.1" 401 28 "-" "PostmanRuntime/7.26.8"
::1 - - [26/Jan/2021:11:23:30 +0000] "POST /auth/logout HTTP/1.1" 204 - "-" "PostmanRuntime/7.26.8"
::1 - - [26/Jan/2021:11:23:41 +0000] "GET /users/current HTTP/1.1" 200 53 "-" "PostmanRuntime/7.26.8"
::1 - - [26/Jan/2021:11:23:54 +0000] "GET /users/current HTTP/1.1" 401 28 "-" "PostmanRuntime/7.26.8"
::1 - - [26/Jan/2021:11:24:01 +0000] "GET /users/current HTTP/1.1" 200 53 "-" "PostmanRuntime/7.26.8"
::1 - - [26/Jan/2021:11:24:26 +0000] "PATCH /users HTTP/1.1" 400 92 "-" "PostmanRuntime/7.26.8"
::1 - - [26/Jan/2021:11:24:37 +0000] "PATCH /users HTTP/1.1" 200 56 "-" "PostmanRuntime/7.26.8"
::1 - - [26/Jan/2021:11:24:54 +0000] "PATCH /users HTTP/1.1" 401 28 "-" "PostmanRuntime/7.26.8"
::1 - - [26/Jan/2021:11:25:12 +0000] "PATCH /users HTTP/1.1" 200 52 "-" "PostmanRuntime/7.26.8"
::1 - - [26/Jan/2021:11:26:30 +0000] "GET /api/contacts?sub=pro HTTP/1.1" 200 627 "-" "PostmanRuntime/7.26.8"
::1 - - [26/Jan/2021:11:26:39 +0000] "GET /api/contacts?sub=pr HTTP/1.1" 400 59 "-" "PostmanRuntime/7.26.8"
::1 - - [26/Jan/2021:11:26:47 +0000] "GET /api/contacts?sub=premium HTTP/1.1" 200 718 "-" "PostmanRuntime/7.26.8"
::1 - - [26/Jan/2021:11:27:19 +0000] "GET /api/contacts?page=1&limit=4 HTTP/1.1" 200 824 "-" "PostmanRuntime/7.26.8"
::1 - - [26/Jan/2021:11:27:28 +0000] "GET /api/contacts?page=2&limit=5 HTTP/1.1" 200 1016 "-" "PostmanRuntime/7.26.8"
