
::1 - - [26/Jan/2021:11:20:25 +0000] "POST /auth/register HTTP/1.1" 201 63 "-" "PostmanRuntime/7.26.8"
::1 - - [26/Jan/2021:11:20:44 +0000] "POST /auth/register HTTP/1.1" 400 45 "-" "PostmanRuntime/7.26.8"
::1 - - [26/Jan/2021:11:21:12 +0000] "POST /auth/register HTTP/1.1" 400 38 "-" "PostmanRuntime/7.26.8"
::1 - - [26/Jan/2021:11:21:49 +0000] "POST /auth/login HTTP/1.1" 401 26 "-" "PostmanRuntime/7.26.8"
::1 - - [26/Jan/2021:11:22:07 +0000] "POST /auth/login HTTP/1.1" 400 38 "-" "PostmanRuntime/7.26.8"
::1 - - [26/Jan/2021:11:22:26 +0000] "POST /auth/login HTTP/1.1" 400 45 "-" "PostmanRuntime/7.26.8"
::1 - - [26/Jan/2021:11:22:37 +0000] "POST /auth/login HTTP/1.1" 200 226 "-" "PostmanRuntime/7.26.8"
::1 - - [26/Jan/2021:11:23:03 +0000] "POST /auth/logout HTTP/1.1" 204 - "-" "PostmanRuntime/7.26.8"
::1 - - [26/Jan/2021:11:23:19 +0000] "POST /auth/logout HTTP/1.1" 401 28 "-" "PostmanRuntime/7.26.8"
::1 - - [26/Jan/2021:11:23:30 +0000] "POST /auth/logout HTTP/1.1" 204 - "-" "PostmanRuntime/7.26.8"
::1 - - [26/Jan/2021:11:23:41 +0000] "GET /users/current HTTP/1.1" 200 53 "-" "PostmanRuntime/7.26.8"
::1 - - [26/Jan/2021:11:23:54 +0000] "GET /users/current HTTP/1.1" 401 28 "-" "PostmanRuntime/7.26.8"
::1 - - [26/Jan/2021:11:24:01 +0000] "GET /users/current HTTP/1.1" 200 53 "-" "PostmanRuntime/7.26.8"
::1 - - [26/Jan/2021:11:24:26 +0000] "PATCH /users HTTP/1.1" 400 92 "-" "PostmanRuntime/7.26.8"
::1 - - [26/Jan/2021:11:24:37 +0000] "PATCH /users HTTP/1.1" 200 56 "-" "PostmanRuntime/7.26.8"
::1 - - [26/Jan/2021:11:24:54 +0000] "PATCH /users HTTP/1.1" 401 28 "-" "PostmanRuntime/7.26.8"
::1 - - [26/Jan/2021:11:25:12 +0000] "PATCH /users HTTP/1.1" 200 52 "-" "PostmanRuntime/7.26.8"
::1 - - [26/Jan/2021:11:26:30 +0000] "GET /api/contacts?sub=pro HTTP/1.1" 200 627 "-" "PostmanRuntime/7.26.8"
::1 - - [26/Jan/2021:11:26:39 +0000] "GET /api/contacts?sub=pr HTTP/1.1" 400 59 "-" "PostmanRuntime/7.26.8"
::1 - - [26/Jan/2021:11:26:47 +0000] "GET /api/contacts?sub=premium HTTP/1.1" 200 718 "-" "PostmanRuntime/7.26.8"
::1 - - [26/Jan/2021:11:27:19 +0000] "GET /api/contacts?page=1&limit=4 HTTP/1.1" 200 824 "-" "PostmanRuntime/7.26.8"
::1 - - [26/Jan/2021:11:27:28 +0000] "GET /api/contacts?page=2&limit=5 HTTP/1.1" 200 1016 "-" "PostmanRuntime/7.26.8"
::1 - - [29/Jan/2021:14:56:24 +0000] "POST /auth/register HTTP/1.1" 409 26 "-" "PostmanRuntime/7.26.8"
::1 - - [29/Jan/2021:14:56:45 +0000] "POST /auth/register HTTP/1.1" 201 63 "-" "PostmanRuntime/7.26.8"
::1 - - [29/Jan/2021:14:57:28 +0000] "POST /auth/register HTTP/1.1" 409 26 "-" "PostmanRuntime/7.26.8"
::1 - - [29/Jan/2021:15:29:43 +0000] "POST /auth/logout HTTP/1.1" 204 - "-" "PostmanRuntime/7.26.8"
::1 - - [29/Jan/2021:15:31:28 +0000] "POST /auth/logout HTTP/1.1" 204 - "-" "PostmanRuntime/7.26.8"
::1 - - [29/Jan/2021:15:33:59 +0000] "POST /auth/logout HTTP/1.1" 204 - "-" "PostmanRuntime/7.26.8"
::1 - - [29/Jan/2021:15:39:07 +0000] "POST /auth/logout HTTP/1.1" 204 - "-" "PostmanRuntime/7.26.8"
::1 - - [29/Jan/2021:15:39:32 +0000] "POST /auth/logout HTTP/1.1" 204 - "-" "PostmanRuntime/7.26.8"
::1 - - [29/Jan/2021:15:45:06 +0000] "POST /auth/logout HTTP/1.1" 500 2 "-" "PostmanRuntime/7.26.8"
::1 - - [29/Jan/2021:15:46:29 +0000] "POST /auth/logout HTTP/1.1" 500 2 "-" "PostmanRuntime/7.26.8"
::ffff:127.0.0.1 - - [29/Jan/2021:15:48:54 +0000] "POST /auth/logout HTTP/1.1" 500 2 "-" "PostmanRuntime/7.26.8"
::ffff:127.0.0.1 - - [29/Jan/2021:15:48:59 +0000] "POST /auth/logout HTTP/1.1" 500 2 "-" "PostmanRuntime/7.26.8"
::1 - - [29/Jan/2021:15:49:18 +0000] "POST /auth/logout HTTP/1.1" 500 2 "-" "PostmanRuntime/7.26.8"
::1 - - [29/Jan/2021:15:49:20 +0000] "POST /auth/logout HTTP/1.1" 500 2 "-" "PostmanRuntime/7.26.8"
::1 - - [29/Jan/2021:15:49:38 +0000] "POST /auth/login HTTP/1.1" 200 225 "-" "PostmanRuntime/7.26.8"
::1 - - [29/Jan/2021:15:49:49 +0000] "POST /auth/logout HTTP/1.1" 500 2 "-" "PostmanRuntime/7.26.8"
::ffff:127.0.0.1 - - [29/Jan/2021:15:50:13 +0000] "POST /auth/logout HTTP/1.1" 204 - "-" "PostmanRuntime/7.26.8"
::ffff:127.0.0.1 - - [29/Jan/2021:15:50:54 +0000] "POST /auth/logout HTTP/1.1" 204 - "-" "PostmanRuntime/7.26.8"
::1 - - [29/Jan/2021:15:51:14 +0000] "POST /auth/logout HTTP/1.1" 204 - "-" "PostmanRuntime/7.26.8"
::1 - - [29/Jan/2021:15:51:41 +0000] "POST /auth/logout HTTP/1.1" 204 - "-" "PostmanRuntime/7.26.8"
::1 - - [29/Jan/2021:15:57:21 +0000] "POST /auth/register HTTP/1.1" 400 2 "-" "PostmanRuntime/7.26.8"
::1 - - [29/Jan/2021:15:57:31 +0000] "POST /auth/register HTTP/1.1" 400 2 "-" "PostmanRuntime/7.26.8"
::1 - - [29/Jan/2021:15:57:43 +0000] "POST /auth/register HTTP/1.1" 400 2 "-" "PostmanRuntime/7.26.8"
::1 - - [29/Jan/2021:15:58:10 +0000] "POST /auth/register HTTP/1.1" 400 2 "-" "PostmanRuntime/7.26.8"
::1 - - [29/Jan/2021:15:58:12 +0000] "POST /auth/register HTTP/1.1" 400 2 "-" "PostmanRuntime/7.26.8"
::ffff:127.0.0.1 - - [29/Jan/2021:15:58:35 +0000] "POST /auth/register HTTP/1.1" 409 26 "-" "PostmanRuntime/7.26.8"
::1 - - [29/Jan/2021:15:58:44 +0000] "POST /auth/register HTTP/1.1" 201 64 "-" "PostmanRuntime/7.26.8"
::ffff:127.0.0.1 - - [29/Jan/2021:15:59:22 +0000] "POST /auth/register HTTP/1.1" 400 2 "-" "PostmanRuntime/7.26.8"
::ffff:127.0.0.1 - - [29/Jan/2021:15:59:24 +0000] "POST /auth/register HTTP/1.1" 400 2 "-" "PostmanRuntime/7.26.8"
::1 - - [29/Jan/2021:16:01:31 +0000] "POST /auth/register HTTP/1.1" 400 2 "-" "PostmanRuntime/7.26.8"
::1 - - [29/Jan/2021:16:03:11 +0000] "POST /auth/register HTTP/1.1" 409 26 "-" "PostmanRuntime/7.26.8"
::1 - - [29/Jan/2021:16:03:18 +0000] "POST /auth/register HTTP/1.1" 201 68 "-" "PostmanRuntime/7.26.8"
::1 - - [29/Jan/2021:16:04:05 +0000] "POST /auth/register HTTP/1.1" 409 26 "-" "PostmanRuntime/7.26.8"
::1 - - [29/Jan/2021:16:04:12 +0000] "POST /auth/register HTTP/1.1" 201 231 "-" "PostmanRuntime/7.26.8"
::1 - - [29/Jan/2021:16:05:58 +0000] "POST /auth/register HTTP/1.1" 201 231 "-" "PostmanRuntime/7.26.8"
::1 - - [29/Jan/2021:16:06:40 +0000] "POST /auth/register HTTP/1.1" 400 2 "-" "PostmanRuntime/7.26.8"
::1 - - [29/Jan/2021:16:06:57 +0000] "POST /auth/register HTTP/1.1" 400 2 "-" "PostmanRuntime/7.26.8"
::ffff:127.0.0.1 - - [29/Jan/2021:16:07:41 +0000] "POST /auth/register HTTP/1.1" 201 230 "-" "PostmanRuntime/7.26.8"
::1 - - [29/Jan/2021:16:09:50 +0000] "POST /auth/register HTTP/1.1" 400 38 "-" "PostmanRuntime/7.26.8"
::ffff:127.0.0.1 - - [29/Jan/2021:16:10:13 +0000] "POST /auth/register HTTP/1.1" 400 38 "-" "PostmanRuntime/7.26.8"
::1 - - [29/Jan/2021:16:12:43 +0000] "POST /auth/register HTTP/1.1" 400 2 "-" "PostmanRuntime/7.26.8"
::1 - - [29/Jan/2021:16:12:46 +0000] "POST /auth/register HTTP/1.1" 400 2 "-" "PostmanRuntime/7.26.8"
::1 - - [29/Jan/2021:16:13:14 +0000] "POST /auth/register HTTP/1.1" 409 26 "-" "PostmanRuntime/7.26.8"
::1 - - [29/Jan/2021:16:13:21 +0000] "POST /auth/register HTTP/1.1" 409 26 "-" "PostmanRuntime/7.26.8"
::1 - - [29/Jan/2021:16:13:27 +0000] "POST /auth/register HTTP/1.1" 201 232 "-" "PostmanRuntime/7.26.8"
::1 - - [29/Jan/2021:16:18:25 +0000] "POST /auth/register HTTP/1.1" 409 26 "-" "PostmanRuntime/7.26.8"
::1 - - [29/Jan/2021:16:18:31 +0000] "POST /auth/register HTTP/1.1" 400 2 "-" "PostmanRuntime/7.26.8"
::1 - - [29/Jan/2021:16:43:12 +0000] "POST /auth/register HTTP/1.1" 400 2 "-" "PostmanRuntime/7.26.8"
::1 - - [29/Jan/2021:16:43:15 +0000] "POST /auth/register HTTP/1.1" 409 26 "-" "PostmanRuntime/7.26.8"
::1 - - [29/Jan/2021:16:43:22 +0000] "POST /auth/register HTTP/1.1" 400 2 "-" "PostmanRuntime/7.26.8"
::1 - - [29/Jan/2021:16:43:31 +0000] "POST /auth/register HTTP/1.1" 400 2 "-" "PostmanRuntime/7.26.8"
::1 - - [29/Jan/2021:16:49:13 +0000] "POST /auth/register HTTP/1.1" 400 2 "-" "PostmanRuntime/7.26.8"
::1 - - [29/Jan/2021:16:51:53 +0000] "POST /auth/register HTTP/1.1" 400 2 "-" "PostmanRuntime/7.26.8"
::1 - - [29/Jan/2021:16:53:16 +0000] "POST /auth/register HTTP/1.1" 400 2 "-" "PostmanRuntime/7.26.8"
::1 - - [29/Jan/2021:16:53:39 +0000] "POST /auth/register HTTP/1.1" 400 2 "-" "PostmanRuntime/7.26.8"
::1 - - [29/Jan/2021:16:57:18 +0000] "POST /auth/register HTTP/1.1" 409 26 "-" "PostmanRuntime/7.26.8"
::1 - - [29/Jan/2021:16:57:25 +0000] "POST /auth/register HTTP/1.1" 400 2 "-" "PostmanRuntime/7.26.8"
::1 - - [29/Jan/2021:16:59:08 +0000] "POST /auth/register HTTP/1.1" 400 2 "-" "PostmanRuntime/7.26.8"
::1 - - [29/Jan/2021:17:00:06 +0000] "POST /auth/register HTTP/1.1" 409 26 "-" "PostmanRuntime/7.26.8"
::1 - - [29/Jan/2021:17:00:14 +0000] "POST /auth/register HTTP/1.1" 400 2 "-" "PostmanRuntime/7.26.8"
::1 - - [29/Jan/2021:17:04:42 +0000] "POST /auth/register HTTP/1.1" 400 2 "-" "PostmanRuntime/7.26.8"
::1 - - [29/Jan/2021:17:12:05 +0000] "POST /auth/register HTTP/1.1" 400 2 "-" "PostmanRuntime/7.26.8"
::ffff:127.0.0.1 - - [29/Jan/2021:17:12:28 +0000] "POST /auth/register HTTP/1.1" 409 26 "-" "PostmanRuntime/7.26.8"
::1 - - [29/Jan/2021:17:12:34 +0000] "POST /auth/register HTTP/1.1" 400 2 "-" "PostmanRuntime/7.26.8"
::1 - - [29/Jan/2021:17:13:01 +0000] "POST /auth/register HTTP/1.1" 409 26 "-" "PostmanRuntime/7.26.8"
::1 - - [29/Jan/2021:17:13:03 +0000] "POST /auth/register HTTP/1.1" 409 26 "-" "PostmanRuntime/7.26.8"
::1 - - [29/Jan/2021:17:13:54 +0000] "POST /auth/register HTTP/1.1" 201 67 "-" "PostmanRuntime/7.26.8"
::1 - - [29/Jan/2021:17:14:38 +0000] "POST /auth/register HTTP/1.1" 409 26 "-" "PostmanRuntime/7.26.8"
::1 - - [29/Jan/2021:17:14:42 +0000] "POST /auth/register HTTP/1.1" 201 72 "-" "PostmanRuntime/7.26.8"
::1 - - [29/Jan/2021:17:16:19 +0000] "POST /auth/register HTTP/1.1" 400 2 "-" "PostmanRuntime/7.26.8"
::1 - - [29/Jan/2021:17:17:29 +0000] "POST /auth/register HTTP/1.1" 409 26 "-" "PostmanRuntime/7.26.8"
::1 - - [29/Jan/2021:17:18:38 +0000] "POST /auth/register HTTP/1.1" 201 57 "-" "PostmanRuntime/7.26.8"
::1 - - [29/Jan/2021:17:22:25 +0000] "POST /auth/register HTTP/1.1" 201 68 "-" "PostmanRuntime/7.26.8"
::1 - - [29/Jan/2021:17:24:19 +0000] "POST /auth/register HTTP/1.1" 201 217 "-" "PostmanRuntime/7.26.8"
::1 - - [29/Jan/2021:17:46:57 +0000] "POST /auth/login HTTP/1.1" 200 385 "-" "PostmanRuntime/7.26.8"
::1 - - [29/Jan/2021:17:52:18 +0000] "POST /auth/logout HTTP/1.1" 204 - "-" "PostmanRuntime/7.26.8"
::ffff:127.0.0.1 - - [29/Jan/2021:17:56:17 +0000] "POST /auth/register HTTP/1.1" 201 218 "-" "PostmanRuntime/7.26.8"
::1 - - [29/Jan/2021:17:56:55 +0000] "POST /auth/login HTTP/1.1" 200 385 "-" "PostmanRuntime/7.26.8"
::1 - - [29/Jan/2021:17:57:28 +0000] "POST /auth/logout HTTP/1.1" 204 - "-" "PostmanRuntime/7.26.8"
